Build started 4/30/2014 9:58:43 PM.
Project "C:\Users\Jordan Hua\Documents\GitHub\swarch\server_swarch\SwarchClient\SwarchClient\SwarchClient.vcxproj" on node 2 (Build target(s)).
ClCompile:
  C:\Program Files (x86)\Microsoft Visual Studio 11.0\VC\bin\CL.exe /c /ZI /nologo /W3 /WX- /sdl /Od /Oy- /D SFML_STATIC /D WIN32 /D _DEBUG /D _WINDOWS /D _UNICODE /D UNICODE /Gm /EHsc /RTC1 /MDd /GS /fp:precise /Zc:wchar_t /Zc:forScope /Fo"Debug\\" /Fd"Debug\vc110.pdb" /Gd /TP /analyze- /errorReport:prompt LoginScene.cpp main.cpp
  main.cpp
c:\users\jordan hua\documents\github\swarch\server_swarch\swarchclient\swarchclient\userdata.h(4): warning C4067: unexpected tokens following preprocessor directive - expected a newline
  LoginScene.cpp
c:\users\jordan hua\documents\github\swarch\server_swarch\swarchclient\swarchclient\userdata.h(4): warning C4067: unexpected tokens following preprocessor directive - expected a newline
c:\users\jordan hua\documents\github\swarch\server_swarch\swarchclient\swarchclient\loginscene.cpp(141): warning C4244: 'argument' : conversion from 'int' to 'float', possible loss of data
c:\users\jordan hua\documents\github\swarch\server_swarch\swarchclient\swarchclient\loginscene.cpp(146): warning C4244: 'argument' : conversion from 'int' to 'float', possible loss of data
c:\users\jordan hua\documents\github\swarch\server_swarch\swarchclient\swarchclient\loginscene.cpp(151): warning C4244: 'argument' : conversion from 'int' to 'float', possible loss of data
  Generating Code...
c:\users\jordan hua\documents\github\swarch\server_swarch\swarchclient\swarchclient\loginscene.cpp(162): warning C4715: 'LoginScene::processEvents' : not all control paths return a value
Link:
  C:\Program Files (x86)\Microsoft Visual Studio 11.0\VC\bin\link.exe /ERRORREPORT:PROMPT /OUT:"C:\Users\Jordan Hua\Documents\GitHub\swarch\server_swarch\SwarchClient\Debug\SwarchClient.exe" /INCREMENTAL /NOLOGO "sfml-graphics-s-d.lib" "sfml-window-s-d.lib" "sfml-system-s-d.lib" "sfml-audio-s-d.lib" "sfml-network-s-d.lib" "sfml-main-d.lib" kernel32.lib user32.lib gdi32.lib winspool.lib comdlg32.lib advapi32.lib shell32.lib ole32.lib oleaut32.lib uuid.lib odbc32.lib odbccp32.lib /MANIFEST /MANIFESTUAC:"level='asInvoker' uiAccess='false'" /manifest:embed /DEBUG /PDB:"C:\Users\Jordan Hua\Documents\GitHub\swarch\server_swarch\SwarchClient\Debug\SwarchClient.pdb" /SUBSYSTEM:WINDOWS /TLBID:1 /DYNAMICBASE /NXCOMPAT /IMPLIB:"C:\Users\Jordan Hua\Documents\GitHub\swarch\server_swarch\SwarchClient\Debug\SwarchClient.lib" /MACHINE:X86 Debug\GameScene.obj
  Debug\LoginScene.obj
  Debug\main.obj
  Debug\UserData.obj
  SwarchClient.vcxproj -> C:\Users\Jordan Hua\Documents\GitHub\swarch\server_swarch\SwarchClient\Debug\SwarchClient.exe
Done Building Project "C:\Users\Jordan Hua\Documents\GitHub\swarch\server_swarch\SwarchClient\SwarchClient\SwarchClient.vcxproj" (Build target(s)).

Build succeeded.

Time Elapsed 00:00:03.42
